File name is: 1.txt
CPU 0 cumulative IPC: 1.16453 instructions: 10000001 cycles: 8587160
L1D PREFETCH  ACCESS:          0  HIT:          0  MISS:          0
L1D PREFETCH  REQUESTED:          0  ISSUED:          0  USEFUL:          0  USELESS:          0
L2C PREFETCH  ACCESS:          0  HIT:          0  MISS:          0
L2C PREFETCH  REQUESTED:          0  ISSUED:          0  USEFUL:          0  USELESS:          0
LLC PREFETCH  ACCESS:          0  HIT:          0  MISS:          0
LLC PREFETCH  REQUESTED:          0  ISSUED:          0  USEFUL:          0  USELESS:          0
File name is: 16.txt
CPU 0 cumulative IPC: 1.16453 instructions: 10000001 cycles: 8587160
L1D PREFETCH  ACCESS:          0  HIT:          0  MISS:          0
L1D PREFETCH  REQUESTED:          0  ISSUED:          0  USEFUL:          0  USELESS:          0
L2C PREFETCH  ACCESS:          0  HIT:          0  MISS:          0
L2C PREFETCH  REQUESTED:          0  ISSUED:          0  USEFUL:          0  USELESS:          0
LLC PREFETCH  ACCESS:          0  HIT:          0  MISS:          0
LLC PREFETCH  REQUESTED:          0  ISSUED:          0  USEFUL:          0  USELESS:          0
File name is: 2.txt
CPU 0 cumulative IPC: 1.16453 instructions: 10000001 cycles: 8587160
L1D PREFETCH  ACCESS:          0  HIT:          0  MISS:          0
L1D PREFETCH  REQUESTED:          0  ISSUED:          0  USEFUL:          0  USELESS:          0
L2C PREFETCH  ACCESS:          0  HIT:          0  MISS:          0
L2C PREFETCH  REQUESTED:          0  ISSUED:          0  USEFUL:          0  USELESS:          0
LLC PREFETCH  ACCESS:          0  HIT:          0  MISS:          0
LLC PREFETCH  REQUESTED:          0  ISSUED:          0  USEFUL:          0  USELESS:          0
File name is: 4.txt
CPU 0 cumulative IPC: 1.16453 instructions: 10000001 cycles: 8587160
L1D PREFETCH  ACCESS:          0  HIT:          0  MISS:          0
L1D PREFETCH  REQUESTED:          0  ISSUED:          0  USEFUL:          0  USELESS:          0
L2C PREFETCH  ACCESS:          0  HIT:          0  MISS:          0
L2C PREFETCH  REQUESTED:          0  ISSUED:          0  USEFUL:          0  USELESS:          0
LLC PREFETCH  ACCESS:          0  HIT:          0  MISS:          0
LLC PREFETCH  REQUESTED:          0  ISSUED:          0  USEFUL:          0  USELESS:          0
File name is: 8.txt
CPU 0 cumulative IPC: 1.16453 instructions: 10000001 cycles: 8587160
L1D PREFETCH  ACCESS:          0  HIT:          0  MISS:          0
L1D PREFETCH  REQUESTED:          0  ISSUED:          0  USEFUL:          0  USELESS:          0
L2C PREFETCH  ACCESS:          0  HIT:          0  MISS:          0
L2C PREFETCH  REQUESTED:          0  ISSUED:          0  USEFUL:          0  USELESS:          0
LLC PREFETCH  ACCESS:          0  HIT:          0  MISS:          0
LLC PREFETCH  REQUESTED:          0  ISSUED:          0  USEFUL:          0  USELESS:          0
