File name is: cadical-high-60K-113B.champsimtrace.xz-bimodal-no-ipcp_b-ipcp_b-ipcp-lru-1core.txt
CPU 0 cumulative IPC: 0.169348 instructions: 10000000 cycles: 59049901
L1D PREFETCH  ACCESS:     724868  HIT:     485294  MISS:     239574
L1D PREFETCH  REQUESTED:     973223  ISSUED:     965104  USEFUL:      42651  USELESS:     196805
L2C PREFETCH  ACCESS:     491649  HIT:      54924  MISS:     436725
L2C PREFETCH  REQUESTED:     503391  ISSUED:     496452  USEFUL:        647  USELESS:     434802
LLC PREFETCH  ACCESS:     438959  HIT:       7794  MISS:     431165
LLC PREFETCH  REQUESTED:     207864  ISSUED:     205160  USEFUL:       1436  USELESS:     424532
File name is: cadical-high-60K-113B.champsimtrace.xz-bimodal-no-ipcp_o-ipcp_o-ipcp_o-lru-1core.txt
CPU 0 cumulative IPC: 0.167975 instructions: 10000000 cycles: 59532596
L1D PREFETCH  ACCESS:     908746  HIT:     508115  MISS:     400631
L1D PREFETCH  REQUESTED:    1183640  ISSUED:    1165306  USEFUL:      41259  USELESS:     359061
L2C PREFETCH  ACCESS:     709143  HIT:      41436  MISS:     667707
L2C PREFETCH  REQUESTED:    1119315  ISSUED:    1114522  USEFUL:       2344  USELESS:     661001
LLC PREFETCH  ACCESS:     667810  HIT:       5445  MISS:     662365
LLC PREFETCH  REQUESTED:          0  ISSUED:          0  USEFUL:       1295  USELESS:     644192
File name is: cadical-high-60K-1227B.champsimtrace.xz-bimodal-no-ipcp_b-ipcp_b-ipcp-lru-1core.txt
CPU 0 cumulative IPC: 0.174 instructions: 10000003 cycles: 57471244
L1D PREFETCH  ACCESS:    1296774  HIT:     937775  MISS:     358999
L1D PREFETCH  REQUESTED:    1461564  ISSUED:    1435831  USEFUL:      76388  USELESS:     282711
L2C PREFETCH  ACCESS:     769918  HIT:     193433  MISS:     576485
L2C PREFETCH  REQUESTED:     723459  ISSUED:     713788  USEFUL:       5882  USELESS:     570512
LLC PREFETCH  ACCESS:     647356  HIT:      90870  MISS:     556486
LLC PREFETCH  REQUESTED:     276169  ISSUED:     271925  USEFUL:       6353  USELESS:     549740
File name is: cadical-high-60K-1227B.champsimtrace.xz-bimodal-no-ipcp_o-ipcp_o-ipcp_o-lru-1core.txt
CPU 0 cumulative IPC: 0.171845 instructions: 10000003 cycles: 58192022
L1D PREFETCH  ACCESS:    1138233  HIT:     732864  MISS:     405369
L1D PREFETCH  REQUESTED:    1241220  ISSUED:    1213579  USEFUL:      72013  USELESS:     333504
L2C PREFETCH  ACCESS:     821605  HIT:     216003  MISS:     605602
L2C PREFETCH  REQUESTED:     803588  ISSUED:     796951  USEFUL:       7312  USELESS:     599208
LLC PREFETCH  ACCESS:     605994  HIT:      20464  MISS:     585530
LLC PREFETCH  REQUESTED:          0  ISSUED:          0  USEFUL:       6267  USELESS:     582627
File name is: cadical-high-60K-134B.champsimtrace.xz-bimodal-no-ipcp_b-ipcp_b-ipcp-lru-1core.txt
CPU 0 cumulative IPC: 0.1953 instructions: 10000000 cycles: 51203173
L1D PREFETCH  ACCESS:     768234  HIT:     456736  MISS:     311498
L1D PREFETCH  REQUESTED:    1034017  ISSUED:    1015425  USEFUL:      69999  USELESS:     241600
L2C PREFETCH  ACCESS:     671716  HIT:     167503  MISS:     504213
L2C PREFETCH  REQUESTED:     656223  ISSUED:     644238  USEFUL:       5544  USELESS:     498155
LLC PREFETCH  ACCESS:     572752  HIT:      76494  MISS:     496258
LLC PREFETCH  REQUESTED:     239540  ISSUED:     235770  USEFUL:       2607  USELESS:     491213
File name is: cadical-high-60K-134B.champsimtrace.xz-bimodal-no-ipcp_o-ipcp_o-ipcp_o-lru-1core.txt
CPU 0 cumulative IPC: 0.193372 instructions: 10000000 cycles: 51713769
L1D PREFETCH  ACCESS:     832075  HIT:     509187  MISS:     322888
L1D PREFETCH  REQUESTED:    1123813  ISSUED:    1099224  USEFUL:      70645  USELESS:     252007
L2C PREFETCH  ACCESS:     660077  HIT:     177470  MISS:     482607
L2C PREFETCH  REQUESTED:     584198  ISSUED:     578559  USEFUL:       4196  USELESS:     474240
LLC PREFETCH  ACCESS:     482669  HIT:       8110  MISS:     474559
LLC PREFETCH  REQUESTED:          0  ISSUED:          0  USEFUL:       2531  USELESS:     454873
File name is: cryptominisat-high-30K-2423B.champsimtrace.xz-bimodal-no-ipcp_b-ipcp_b-ipcp-lru-1core.txt
File name is: cryptominisat-high-30K-2423B.champsimtrace.xz-bimodal-no-ipcp_o-ipcp_o-ipcp_o-lru-1core.txt
File name is: cryptominisat-high-30K-3577B.champsimtrace.xz-bimodal-no-ipcp_b-ipcp_b-ipcp-lru-1core.txt
CPU 0 cumulative IPC: 0.227944 instructions: 10000001 cycles: 43870524
L1D PREFETCH  ACCESS:     349204  HIT:     107687  MISS:     241517
L1D PREFETCH  REQUESTED:     432132  ISSUED:     426277  USEFUL:      18930  USELESS:     222588
L2C PREFETCH  ACCESS:     516504  HIT:      72345  MISS:     444159
L2C PREFETCH  REQUESTED:     513738  ISSUED:     506385  USEFUL:       4479  USELESS:     439099
LLC PREFETCH  ACCESS:     449149  HIT:      30721  MISS:     418428
LLC PREFETCH  REQUESTED:     227589  ISSUED:     223957  USEFUL:       8082  USELESS:     407752
File name is: cryptominisat-high-30K-3577B.champsimtrace.xz-bimodal-no-ipcp_o-ipcp_o-ipcp_o-lru-1core.txt
CPU 0 cumulative IPC: 0.22675 instructions: 10000001 cycles: 44101453
L1D PREFETCH  ACCESS:     381895  HIT:     139880  MISS:     242015
L1D PREFETCH  REQUESTED:     460815  ISSUED:     455335  USEFUL:      13853  USELESS:     227978
L2C PREFETCH  ACCESS:     504943  HIT:      59217  MISS:     445726
L2C PREFETCH  REQUESTED:     476431  ISSUED:     469833  USEFUL:       9728  USELESS:     433027
LLC PREFETCH  ACCESS:     446143  HIT:      25500  MISS:     420643
LLC PREFETCH  REQUESTED:          0  ISSUED:          0  USEFUL:       7880  USELESS:     400605
File name is: cryptominisat-high-30K-7073B.champsimtrace.xz-bimodal-no-ipcp_b-ipcp_b-ipcp-lru-1core.txt
CPU 0 cumulative IPC: 0.220299 instructions: 10000001 cycles: 45392762
L1D PREFETCH  ACCESS:     568380  HIT:     204925  MISS:     363455
L1D PREFETCH  REQUESTED:     719032  ISSUED:     709108  USEFUL:      40030  USELESS:     323442
L2C PREFETCH  ACCESS:     770184  HIT:     130549  MISS:     639635
L2C PREFETCH  REQUESTED:     758045  ISSUED:     747414  USEFUL:       5586  USELESS:     633025
LLC PREFETCH  ACCESS:     655719  HIT:      60461  MISS:     595258
LLC PREFETCH  REQUESTED:     325920  ISSUED:     320776  USEFUL:      14117  USELESS:     577094
File name is: cryptominisat-high-30K-7073B.champsimtrace.xz-bimodal-no-ipcp_o-ipcp_o-ipcp_o-lru-1core.txt
CPU 0 cumulative IPC: 0.217776 instructions: 10000001 cycles: 45918810
L1D PREFETCH  ACCESS:     547787  HIT:     183762  MISS:     364025
L1D PREFETCH  REQUESTED:     688697  ISSUED:     680117  USEFUL:      39782  USELESS:     323972
L2C PREFETCH  ACCESS:     770982  HIT:     142255  MISS:     628727
L2C PREFETCH  REQUESTED:     722871  ISSUED:     713564  USEFUL:       5622  USELESS:     618893
LLC PREFETCH  ACCESS:     629219  HIT:      43250  MISS:     585969
LLC PREFETCH  REQUESTED:          0  ISSUED:          0  USEFUL:      13723  USELESS:     556784
File name is: kissat-inc-high-30K-1802B.champsimtrace.xz-bimodal-no-ipcp_b-ipcp_b-ipcp-lru-1core.txt
CPU 0 cumulative IPC: 0.30906 instructions: 10000000 cycles: 32356155
L1D PREFETCH  ACCESS:     401072  HIT:     212059  MISS:     189013
L1D PREFETCH  REQUESTED:     447679  ISSUED:     439469  USEFUL:      13709  USELESS:     175294
L2C PREFETCH  ACCESS:     388329  HIT:      48450  MISS:     339879
L2C PREFETCH  REQUESTED:     391350  ISSUED:     383721  USEFUL:       5411  USELESS:     333683
LLC PREFETCH  ACCESS:     348697  HIT:      36552  MISS:     312145
LLC PREFETCH  REQUESTED:     168157  ISSUED:     165521  USEFUL:       8580  USELESS:     300875
File name is: kissat-inc-high-30K-1802B.champsimtrace.xz-bimodal-no-ipcp_o-ipcp_o-ipcp_o-lru-1core.txt
CPU 0 cumulative IPC: 0.307114 instructions: 10000000 cycles: 32561155
L1D PREFETCH  ACCESS:     386133  HIT:     190802  MISS:     195331
L1D PREFETCH  REQUESTED:     428010  ISSUED:     420417  USEFUL:      13261  USELESS:     181837
L2C PREFETCH  ACCESS:     388078  HIT:      49701  MISS:     338377
L2C PREFETCH  REQUESTED:     357584  ISSUED:     352541  USEFUL:       5268  USELESS:     329821
LLC PREFETCH  ACCESS:     338450  HIT:      28781  MISS:     309669
LLC PREFETCH  REQUESTED:          0  ISSUED:          0  USEFUL:       8577  USELESS:     289090
