File name is: bc-0.trace.gz-bimodal-no-ipcp_o-ipcp_o-ipcp_o-lru-1core.txt
CPU 0 cumulative IPC: 0.129182 instructions: 30000000 cycles: 232230982
L1D PREFETCH  ACCESS:    3127882  HIT:     536063  MISS:    2591819
L1D PREFETCH  REQUESTED:    3449793  ISSUED:    3389054  USEFUL:     201565  USELESS:    2390267
L2C PREFETCH  ACCESS:    4830371  HIT:     583209  MISS:    4247162
L2C PREFETCH  REQUESTED:    4241211  ISSUED:    4182146  USEFUL:      78792  USELESS:    4167785
LLC PREFETCH  ACCESS:    4287610  HIT:    1045496  MISS:    3242114
LLC PREFETCH  REQUESTED:          0  ISSUED:          0  USEFUL:     178262  USELESS:    3061494
File name is: bfs-14.trace.gz-bimodal-no-ipcp_o-ipcp_o-ipcp_o-lru-1core.txt
CPU 0 cumulative IPC: 0.352871 instructions: 30000002 cycles: 85016796
L1D PREFETCH  ACCESS:    3176920  HIT:    1973532  MISS:    1203388
L1D PREFETCH  REQUESTED:    3372932  ISSUED:    3345297  USEFUL:     543195  USELESS:     660435
L2C PREFETCH  ACCESS:    2690277  HIT:    1806759  MISS:     883518
L2C PREFETCH  REQUESTED:    2216531  ISSUED:    2199286  USEFUL:      33123  USELESS:     849903
LLC PREFETCH  ACCESS:     886379  HIT:      19130  MISS:     867249
LLC PREFETCH  REQUESTED:          0  ISSUED:          0  USEFUL:       3283  USELESS:     864611
File name is: cc-6.trace.gz-bimodal-no-ipcp_o-ipcp_o-ipcp_o-lru-1core.txt
CPU 0 cumulative IPC: 0.196979 instructions: 30000000 cycles: 152300454
L1D PREFETCH  ACCESS:    3452297  HIT:    1075325  MISS:    2376972
L1D PREFETCH  REQUESTED:    3622278  ISSUED:    3554059  USEFUL:     192176  USELESS:    2184789
L2C PREFETCH  ACCESS:    4624259  HIT:    1493166  MISS:    3131093
L2C PREFETCH  REQUESTED:    4254800  ISSUED:    4190644  USEFUL:     120757  USELESS:    3009781
LLC PREFETCH  ACCESS:    3136562  HIT:    1685426  MISS:    1451136
LLC PREFETCH  REQUESTED:          0  ISSUED:          0  USEFUL:     216548  USELESS:    1232538
File name is: pr-14.trace.gz-bimodal-no-ipcp_o-ipcp_o-ipcp_o-lru-1core.txt
CPU 0 cumulative IPC: 0.0514995 instructions: 30000003 cycles: 582529844
L1D PREFETCH  ACCESS:    6877248  HIT:    1204297  MISS:    5672951
L1D PREFETCH  REQUESTED:    7050826  ISSUED:    6967163  USEFUL:     482644  USELESS:    5190236
L2C PREFETCH  ACCESS:   11406931  HIT:    2724854  MISS:    8682077
L2C PREFETCH  REQUESTED:   10953832  ISSUED:   10786558  USEFUL:     307523  USELESS:    8373964
LLC PREFETCH  ACCESS:    8707771  HIT:    4088112  MISS:    4619659
LLC PREFETCH  REQUESTED:          0  ISSUED:          0  USEFUL:     471458  USELESS:    4146321
File name is: sssp-5.trace.gz-bimodal-no-ipcp_o-ipcp_o-ipcp_o-lru-1core.txt
CPU 0 cumulative IPC: 0.339402 instructions: 30000003 cycles: 88390717
L1D PREFETCH  ACCESS:    2622439  HIT:    1235600  MISS:    1386839
L1D PREFETCH  REQUESTED:    2936467  ISSUED:    2892496  USEFUL:     214287  USELESS:    1172551
L2C PREFETCH  ACCESS:    2603522  HIT:     718056  MISS:    1885466
L2C PREFETCH  REQUESTED:    2183971  ISSUED:    2155640  USEFUL:      47955  USELESS:    1836790
LLC PREFETCH  ACCESS:    1903180  HIT:     771257  MISS:    1131923
LLC PREFETCH  REQUESTED:          0  ISSUED:          0  USEFUL:     120997  USELESS:    1006666
File name is: sssp-14.trace.gz-bimodal-no-ipcp_o-ipcp_o-ipcp_o-lru-1core.txt
CPU 0 cumulative IPC: 0.340403 instructions: 30000001 cycles: 88130917
L1D PREFETCH  ACCESS:    2652830  HIT:    1240358  MISS:    1412472
L1D PREFETCH  REQUESTED:    2957040  ISSUED:    2910708  USEFUL:     209508  USELESS:    1202965
L2C PREFETCH  ACCESS:    2632162  HIT:     718988  MISS:    1913174
L2C PREFETCH  REQUESTED:    2192676  ISSUED:    2164968  USEFUL:      47459  USELESS:    1865415
LLC PREFETCH  ACCESS:    1929854  HIT:     802263  MISS:    1127591
LLC PREFETCH  REQUESTED:          0  ISSUED:          0  USEFUL:     126029  USELESS:    1000956
File name is: sssp-3.trace.gz-bimodal-no-ipcp_o-ipcp_o-ipcp_o-lru-1core.txt
CPU 0 cumulative IPC: 0.343126 instructions: 30000001 cycles: 87431415
L1D PREFETCH  ACCESS:    2601729  HIT:    1251735  MISS:    1349994
L1D PREFETCH  REQUESTED:    2975508  ISSUED:    2924497  USEFUL:     235064  USELESS:    1114914
L2C PREFETCH  ACCESS:    2556808  HIT:     714848  MISS:    1841960
L2C PREFETCH  REQUESTED:    2187942  ISSUED:    2162006  USEFUL:      47077  USELESS:    1794554
LLC PREFETCH  ACCESS:    1860057  HIT:     724054  MISS:    1136003
LLC PREFETCH  REQUESTED:          0  ISSUED:          0  USEFUL:     112874  USELESS:    1022661
File name is: bfs-10.trace.gz-bimodal-no-ipcp_o-ipcp_o-ipcp_o-lru-1core.txt
CPU 0 cumulative IPC: 0.536192 instructions: 30000000 cycles: 55950140
L1D PREFETCH  ACCESS:    3631942  HIT:    2065779  MISS:    1566163
L1D PREFETCH  REQUESTED:    3982813  ISSUED:    3885212  USEFUL:     547602  USELESS:    1018547
L2C PREFETCH  ACCESS:    2993787  HIT:    2444438  MISS:     549349
L2C PREFETCH  REQUESTED:    2418174  ISSUED:    2387843  USEFUL:       7866  USELESS:     541521
LLC PREFETCH  ACCESS:     551292  HIT:        145  MISS:     551147
LLC PREFETCH  REQUESTED:          0  ISSUED:          0  USEFUL:          0  USELESS:     551133
File name is: cc-13.trace.gz-bimodal-no-ipcp_o-ipcp_o-ipcp_o-lru-1core.txt
CPU 0 cumulative IPC: 0.211101 instructions: 30000000 cycles: 142112292
L1D PREFETCH  ACCESS:    3466283  HIT:    1231625  MISS:    2234658
L1D PREFETCH  REQUESTED:    3838068  ISSUED:    3754777  USEFUL:     178276  USELESS:    2056389
L2C PREFETCH  ACCESS:    4281509  HIT:    1374124  MISS:    2907385
L2C PREFETCH  REQUESTED:    3904006  ISSUED:    3851098  USEFUL:     108134  USELESS:    2798558
LLC PREFETCH  ACCESS:    2913454  HIT:    1542194  MISS:    1371260
LLC PREFETCH  REQUESTED:          0  ISSUED:          0  USEFUL:     203038  USELESS:    1166207
File name is: pr-10.trace.gz-bimodal-no-ipcp_o-ipcp_o-ipcp_o-lru-1core.txt
CPU 0 cumulative IPC: 0.0539749 instructions: 30000002 cycles: 555813622
L1D PREFETCH  ACCESS:    6850852  HIT:    1196248  MISS:    5654604
L1D PREFETCH  REQUESTED:    7073023  ISSUED:    6980711  USEFUL:     506500  USELESS:    5148092
L2C PREFETCH  ACCESS:   11365372  HIT:    2731273  MISS:    8634099
L2C PREFETCH  REQUESTED:   10877776  ISSUED:   10694436  USEFUL:     324053  USELESS:    8309286
LLC PREFETCH  ACCESS:    8665575  HIT:    4316513  MISS:    4349062
LLC PREFETCH  REQUESTED:          0  ISSUED:          0  USEFUL:     506196  USELESS:    3840516
File name is: bc-12.trace.gz-bimodal-no-ipcp_o-ipcp_o-ipcp_o-lru-1core.txt
CPU 0 cumulative IPC: 0.123008 instructions: 30000000 cycles: 243886880
L1D PREFETCH  ACCESS:    3103844  HIT:     505802  MISS:    2598042
L1D PREFETCH  REQUESTED:    3379532  ISSUED:    3320163  USEFUL:     172914  USELESS:    2425119
L2C PREFETCH  ACCESS:    4830788  HIT:     569075  MISS:    4261713
L2C PREFETCH  REQUESTED:    4325929  ISSUED:    4265699  USEFUL:      75757  USELESS:    4185228
LLC PREFETCH  ACCESS:    4296849  HIT:    1071769  MISS:    3225080
LLC PREFETCH  REQUESTED:          0  ISSUED:          0  USEFUL:     179852  USELESS:    3041398
File name is: sssp-10.trace.gz-bimodal-no-ipcp_o-ipcp_o-ipcp_o-lru-1core.txt
CPU 0 cumulative IPC: 0.337252 instructions: 30000002 cycles: 88954381
L1D PREFETCH  ACCESS:    2608663  HIT:    1224565  MISS:    1384098
L1D PREFETCH  REQUESTED:    2951222  ISSUED:    2900370  USEFUL:     219685  USELESS:    1164211
L2C PREFETCH  ACCESS:    2591536  HIT:     698261  MISS:    1893275
L2C PREFETCH  REQUESTED:    2143317  ISSUED:    2116883  USEFUL:      47621  USELESS:    1845348
LLC PREFETCH  ACCESS:    1913164  HIT:     734623  MISS:    1178541
LLC PREFETCH  REQUESTED:          0  ISSUED:          0  USEFUL:     119333  USELESS:    1058800
File name is: bc-5.trace.gz-bimodal-no-ipcp_o-ipcp_o-ipcp_o-lru-1core.txt
CPU 0 cumulative IPC: 0.172896 instructions: 30000001 cycles: 173514294
L1D PREFETCH  ACCESS:    2575889  HIT:     419105  MISS:    2156784
L1D PREFETCH  REQUESTED:    3263682  ISSUED:    2938351  USEFUL:     150996  USELESS:    2005790
L2C PREFETCH  ACCESS:    3962740  HIT:     621768  MISS:    3340972
L2C PREFETCH  REQUESTED:    3205698  ISSUED:    3163050  USEFUL:      46112  USELESS:    3294718
LLC PREFETCH  ACCESS:    3400928  HIT:     697109  MISS:    2703819
LLC PREFETCH  REQUESTED:          0  ISSUED:          0  USEFUL:     128263  USELESS:    2574295
File name is: pr-5.trace.gz-bimodal-no-ipcp_o-ipcp_o-ipcp_o-lru-1core.txt
CPU 0 cumulative IPC: 0.0497107 instructions: 30000002 cycles: 603492070
L1D PREFETCH  ACCESS:    6848452  HIT:    1190405  MISS:    5658047
L1D PREFETCH  REQUESTED:    7041394  ISSUED:    6954797  USEFUL:     487718  USELESS:    5170317
L2C PREFETCH  ACCESS:   11384168  HIT:    2638457  MISS:    8745711
L2C PREFETCH  REQUESTED:   10945246  ISSUED:   10767799  USEFUL:     291603  USELESS:    8453422
LLC PREFETCH  ACCESS:    8772686  HIT:    3827322  MISS:    4945364
LLC PREFETCH  REQUESTED:          0  ISSUED:          0  USEFUL:     454504  USELESS:    4489184
File name is: bfs-8.trace.gz-bimodal-no-ipcp_o-ipcp_o-ipcp_o-lru-1core.txt
CPU 0 cumulative IPC: 0.431023 instructions: 30000000 cycles: 69601812
L1D PREFETCH  ACCESS:    2752609  HIT:    1800151  MISS:     952458
L1D PREFETCH  REQUESTED:    2957417  ISSUED:    2932095  USEFUL:     484358  USELESS:     468371
L2C PREFETCH  ACCESS:    2226313  HIT:    1443036  MISS:     783277
L2C PREFETCH  REQUESTED:    1822064  ISSUED:    1809998  USEFUL:      25720  USELESS:     757089
LLC PREFETCH  ACCESS:     785712  HIT:      25420  MISS:     760292
LLC PREFETCH  REQUESTED:          0  ISSUED:          0  USEFUL:       3479  USELESS:     757313
File name is: pr-3.trace.gz-bimodal-no-ipcp_o-ipcp_o-ipcp_o-lru-1core.txt
CPU 0 cumulative IPC: 0.0546127 instructions: 30000003 cycles: 549322817
L1D PREFETCH  ACCESS:    6869696  HIT:    1210948  MISS:    5658748
L1D PREFETCH  REQUESTED:    7060464  ISSUED:    6967377  USEFUL:     483797  USELESS:    5174945
L2C PREFETCH  ACCESS:   11404108  HIT:    2820266  MISS:    8583842
L2C PREFETCH  REQUESTED:   10977683  ISSUED:   10799179  USEFUL:     319651  USELESS:    8263584
LLC PREFETCH  ACCESS:    8609417  HIT:    4506132  MISS:    4103285
LLC PREFETCH  REQUESTED:          0  ISSUED:          0  USEFUL:     541254  USELESS:    3559218
File name is: bfs-3.trace.gz-bimodal-no-ipcp_o-ipcp_o-ipcp_o-lru-1core.txt
CPU 0 cumulative IPC: 0.410981 instructions: 30000000 cycles: 72996103
L1D PREFETCH  ACCESS:    3318142  HIT:    1922673  MISS:    1395469
L1D PREFETCH  REQUESTED:    3588516  ISSUED:    3538433  USEFUL:     537187  USELESS:     858273
L2C PREFETCH  ACCESS:    2859333  HIT:    2128377  MISS:     730956
L2C PREFETCH  REQUESTED:    2297838  ISSUED:    2275040  USEFUL:      18231  USELESS:     712734
LLC PREFETCH  ACCESS:     733813  HIT:       4820  MISS:     728993
LLC PREFETCH  REQUESTED:          0  ISSUED:          0  USEFUL:        921  USELESS:     730087
File name is: cc-14.trace.gz-bimodal-no-ipcp_o-ipcp_o-ipcp_o-lru-1core.txt
CPU 0 cumulative IPC: 0.238892 instructions: 30000002 cycles: 125579525
L1D PREFETCH  ACCESS:    3205937  HIT:    1034667  MISS:    2171270
L1D PREFETCH  REQUESTED:    3379561  ISSUED:    3313746  USEFUL:     166258  USELESS:    2005014
L2C PREFETCH  ACCESS:    4081536  HIT:    1369738  MISS:    2711798
L2C PREFETCH  REQUESTED:    3662099  ISSUED:    3612857  USEFUL:     103876  USELESS:    2607517
LLC PREFETCH  ACCESS:    2716375  HIT:    1467801  MISS:    1248574
LLC PREFETCH  REQUESTED:          0  ISSUED:          0  USEFUL:     192291  USELESS:    1054811
File name is: bc-3.trace.gz-bimodal-no-ipcp_o-ipcp_o-ipcp_o-lru-1core.txt
CPU 0 cumulative IPC: 0.153077 instructions: 30000000 cycles: 195979841
L1D PREFETCH  ACCESS:    3197847  HIT:     558820  MISS:    2639027
L1D PREFETCH  REQUESTED:    3502492  ISSUED:    3373121  USEFUL:     164380  USELESS:    2474646
L2C PREFETCH  ACCESS:    4994740  HIT:     871647  MISS:    4123093
L2C PREFETCH  REQUESTED:    4371551  ISSUED:    4309774  USEFUL:      76312  USELESS:    4046320
LLC PREFETCH  ACCESS:    4148767  HIT:    1359468  MISS:    2789299
LLC PREFETCH  REQUESTED:          0  ISSUED:          0  USEFUL:     215571  USELESS:    2572587
File name is: cc-5.trace.gz-bimodal-no-ipcp_o-ipcp_o-ipcp_o-lru-1core.txt
CPU 0 cumulative IPC: 0.268829 instructions: 30000001 cycles: 111595074
L1D PREFETCH  ACCESS:    3219444  HIT:    1135112  MISS:    2084332
L1D PREFETCH  REQUESTED:    3457102  ISSUED:    3374469  USEFUL:     169228  USELESS:    1915089
L2C PREFETCH  ACCESS:    3824698  HIT:    1338653  MISS:    2486045
L2C PREFETCH  REQUESTED:    3370670  ISSUED:    3322700  USEFUL:      94695  USELESS:    2390943
LLC PREFETCH  ACCESS:    2492855  HIT:    1315895  MISS:    1176960
LLC PREFETCH  REQUESTED:          0  ISSUED:          0  USEFUL:     180830  USELESS:     994609
