File name is: cc-6.trace.gz-bimodal-no-ipcp_bis-ipcp_bis-ipcp_o-lru-1core.txt
CPU 0 cumulative IPC: 0.201369 instructions: 30000000 cycles: 148980440
L1D PREFETCH  ACCESS:    2223815  HIT:     760115  MISS:    1463700
L1D PREFETCH  REQUESTED:    2295356  ISSUED:    2262981  USEFUL:     179672  USELESS:    1283699
L2C PREFETCH  ACCESS:    3307602  HIT:    1171641  MISS:    2135961
L2C PREFETCH  REQUESTED:    3110707  ISSUED:    3066215  USEFUL:      99953  USELESS:    2033908
LLC PREFETCH  ACCESS:    2140307  HIT:    1079411  MISS:    1060896
LLC PREFETCH  REQUESTED:          0  ISSUED:          0  USEFUL:     169925  USELESS:     883266
File name is: cc-13.trace.gz-bimodal-no-ipcp_bis-ipcp_bis-ipcp_o-lru-1core.txt
CPU 0 cumulative IPC: 0.191595 instructions: 30000000 cycles: 156580409
L1D PREFETCH  ACCESS:    4778504  HIT:     751544  MISS:    4026960
L1D PREFETCH  REQUESTED:    7594304  ISSUED:    4989531  USEFUL:     180568  USELESS:    3845837
L2C PREFETCH  ACCESS:    9156959  HIT:    2364661  MISS:    6792298
L2C PREFETCH  REQUESTED:   14642302  ISSUED:   14335287  USEFUL:     124657  USELESS:    6661639
LLC PREFETCH  ACCESS:    6811778  HIT:    3149592  MISS:    3662186
LLC PREFETCH  REQUESTED:          0  ISSUED:          0  USEFUL:     285362  USELESS:    3356460
File name is: cc-5.trace.gz-bimodal-no-ipcp_bis-ipcp_bis-ipcp_o-lru-1core.txt
CPU 0 cumulative IPC: 0.265562 instructions: 30000001 cycles: 112968079
L1D PREFETCH  ACCESS:    1982269  HIT:     485185  MISS:    1497084
L1D PREFETCH  REQUESTED:    3594676  ISSUED:    2107177  USEFUL:     153818  USELESS:    1342818
L2C PREFETCH  ACCESS:    3962697  HIT:    1221636  MISS:    2741061
L2C PREFETCH  REQUESTED:    5700658  ISSUED:    5481882  USEFUL:      67124  USELESS:    2668266
LLC PREFETCH  ACCESS:    2755508  HIT:    1185702  MISS:    1569806
LLC PREFETCH  REQUESTED:          0  ISSUED:          0  USEFUL:     143459  USELESS:    1407175
File name is: sssp-14.trace.gz-bimodal-no-ipcp_bis-ipcp_bis-ipcp_o-lru-1core.txt
CPU 0 cumulative IPC: 0.283667 instructions: 30000001 cycles: 105757744
L1D PREFETCH  ACCESS:    4412224  HIT:    1074243  MISS:    3337981
L1D PREFETCH  REQUESTED:    8111527  ISSUED:    5106951  USEFUL:     257607  USELESS:    3080421
L2C PREFETCH  ACCESS:    7965817  HIT:    1590965  MISS:    6374852
L2C PREFETCH  REQUESTED:   12787326  ISSUED:   12567440  USEFUL:      57438  USELESS:    6317508
LLC PREFETCH  ACCESS:    6441208  HIT:    1987165  MISS:    4454043
LLC PREFETCH  REQUESTED:          0  ISSUED:          0  USEFUL:     178780  USELESS:    4275532
File name is: pr-5.trace.gz-bimodal-no-ipcp_bis-ipcp_bis-ipcp_o-lru-1core.txt
CPU 0 cumulative IPC: 0.0451685 instructions: 30000002 cycles: 664179308
L1D PREFETCH  ACCESS:   23980832  HIT:     968865  MISS:   23011967
L1D PREFETCH  REQUESTED:   25125586  ISSUED:   24912818  USEFUL:     499509  USELESS:   22511846
L2C PREFETCH  ACCESS:   39440898  HIT:    6335984  MISS:   33104914
L2C PREFETCH  REQUESTED:   84214149  ISSUED:   84177846  USEFUL:     334996  USELESS:   32764316
LLC PREFETCH  ACCESS:   33181027  HIT:   12141605  MISS:   21039422
LLC PREFETCH  REQUESTED:          0  ISSUED:          0  USEFUL:     739372  USELESS:   20284732
File name is: sssp-10.trace.gz-bimodal-no-ipcp_bis-ipcp_bis-ipcp_o-lru-1core.txt
CPU 0 cumulative IPC: 0.289491 instructions: 30000000 cycles: 103630309
L1D PREFETCH  ACCESS:    4359926  HIT:    1142068  MISS:    3217858
L1D PREFETCH  REQUESTED:    8005637  ISSUED:    5195116  USEFUL:     280572  USELESS:    2937036
L2C PREFETCH  ACCESS:    7491542  HIT:    1537101  MISS:    5954441
L2C PREFETCH  REQUESTED:   12147288  ISSUED:   11951717  USEFUL:      56118  USELESS:    5898280
LLC PREFETCH  ACCESS:    6029619  HIT:    1732944  MISS:    4296675
LLC PREFETCH  REQUESTED:          0  ISSUED:          0  USEFUL:     157888  USELESS:    4139619
File name is: bfs-8.trace.gz-bimodal-no-ipcp_bis-ipcp_bis-ipcp_o-lru-1core.txt
CPU 0 cumulative IPC: 0.430804 instructions: 30000000 cycles: 69637285
L1D PREFETCH  ACCESS:    2520406  HIT:    1604350  MISS:     916056
L1D PREFETCH  REQUESTED:    2634485  ISSUED:    2609686  USEFUL:     482935  USELESS:     433219
L2C PREFETCH  ACCESS:    2611378  HIT:    1811127  MISS:     800251
L2C PREFETCH  REQUESTED:    2519077  ISSUED:    2507242  USEFUL:      31845  USELESS:     767465
LLC PREFETCH  ACCESS:     805290  HIT:      26349  MISS:     778941
LLC PREFETCH  REQUESTED:          0  ISSUED:          0  USEFUL:       3584  USELESS:     774985
File name is: bfs-3.trace.gz-bimodal-no-ipcp_bis-ipcp_bis-ipcp_o-lru-1core.txt
CPU 0 cumulative IPC: 0.408127 instructions: 30000000 cycles: 73506547
L1D PREFETCH  ACCESS:    5683267  HIT:    3046760  MISS:    2636507
L1D PREFETCH  REQUESTED:    7357332  ISSUED:    5813523  USEFUL:     662801  USELESS:    1973799
L2C PREFETCH  ACCESS:    6864026  HIT:    6118754  MISS:     745272
L2C PREFETCH  REQUESTED:   10864098  ISSUED:   10644586  USEFUL:      44858  USELESS:     699917
LLC PREFETCH  ACCESS:     751549  HIT:       4148  MISS:     747401
LLC PREFETCH  REQUESTED:          0  ISSUED:          0  USEFUL:        809  USELESS:     748455
File name is: cc-14.trace.gz-bimodal-no-ipcp_bis-ipcp_bis-ipcp_o-lru-1core.txt
CPU 0 cumulative IPC: 0.191064 instructions: 30000001 cycles: 157015341
L1D PREFETCH  ACCESS:    6485584  HIT:     673722  MISS:    5811862
L1D PREFETCH  REQUESTED:   12497672  ISSUED:    6647138  USEFUL:     165853  USELESS:    5645881
L2C PREFETCH  ACCESS:   14187331  HIT:    3416800  MISS:   10770531
L2C PREFETCH  REQUESTED:   23870994  ISSUED:   23111565  USEFUL:     150421  USELESS:   10619590
LLC PREFETCH  ACCESS:   10790003  HIT:    4989553  MISS:    5800450
LLC PREFETCH  REQUESTED:          0  ISSUED:          0  USEFUL:     405924  USELESS:    5391744
File name is: pr-3.trace.gz-bimodal-no-ipcp_bis-ipcp_bis-ipcp_o-lru-1core.txt
CPU 0 cumulative IPC: 0.04716 instructions: 30000003 cycles: 636132960
L1D PREFETCH  ACCESS:   28011710  HIT:    1015453  MISS:   26996257
L1D PREFETCH  REQUESTED:   29348341  ISSUED:   29049322  USEFUL:     499562  USELESS:   26496075
L2C PREFETCH  ACCESS:   46425098  HIT:    7637023  MISS:   38788075
L2C PREFETCH  REQUESTED:  101317175  ISSUED:  101307313  USEFUL:     367121  USELESS:   38415785
LLC PREFETCH  ACCESS:   38871854  HIT:   17385592  MISS:   21486262
LLC PREFETCH  REQUESTED:          0  ISSUED:          0  USEFUL:    1058301  USELESS:   20407648
File name is: bc-3.trace.gz-bimodal-no-ipcp_bis-ipcp_bis-ipcp_o-lru-1core.txt
CPU 0 cumulative IPC: 0.136706 instructions: 30000000 cycles: 219448461
L1D PREFETCH  ACCESS:    6230249  HIT:     448092  MISS:    5782157
L1D PREFETCH  REQUESTED:   12399528  ISSUED:    6785819  USEFUL:     186928  USELESS:    5595102
L2C PREFETCH  ACCESS:   13950779  HIT:    2324094  MISS:   11626685
L2C PREFETCH  REQUESTED:   21448705  ISSUED:   20882304  USEFUL:      88100  USELESS:   11537700
LLC PREFETCH  ACCESS:   11706094  HIT:    3706562  MISS:    7999532
LLC PREFETCH  REQUESTED:          0  ISSUED:          0  USEFUL:     338471  USELESS:    7657750
File name is: bc-12.trace.gz-bimodal-no-ipcp_bis-ipcp_bis-ipcp_o-lru-1core.txt
CPU 0 cumulative IPC: 0.12356 instructions: 30000000 cycles: 242796579
L1D PREFETCH  ACCESS:    2822060  HIT:     452940  MISS:    2369120
L1D PREFETCH  REQUESTED:    3041922  ISSUED:    2990409  USEFUL:     168013  USELESS:    2200797
L2C PREFETCH  ACCESS:    4766356  HIT:     705751  MISS:    4060605
L2C PREFETCH  REQUESTED:    4537769  ISSUED:    4475953  USEFUL:      77279  USELESS:    3979143
LLC PREFETCH  ACCESS:    4098510  HIT:    1055799  MISS:    3042711
LLC PREFETCH  REQUESTED:          0  ISSUED:          0  USEFUL:     176119  USELESS:    2850835
File name is: bc-0.trace.gz-bimodal-no-ipcp_bis-ipcp_bis-ipcp_o-lru-1core.txt
CPU 0 cumulative IPC: 0.122259 instructions: 30000000 cycles: 245381524
L1D PREFETCH  ACCESS:    7078149  HIT:     750219  MISS:    6327930
L1D PREFETCH  REQUESTED:   11021060  ISSUED:    8098201  USEFUL:     288694  USELESS:    6039083
L2C PREFETCH  ACCESS:   12855055  HIT:    1867457  MISS:   10987598
L2C PREFETCH  REQUESTED:   20136697  ISSUED:   19974627  USEFUL:      76477  USELESS:   10910124
LLC PREFETCH  ACCESS:   11100802  HIT:    2606703  MISS:    8494099
LLC PREFETCH  REQUESTED:          0  ISSUED:          0  USEFUL:     220906  USELESS:    8269301
File name is: sssp-3.trace.gz-bimodal-no-ipcp_bis-ipcp_bis-ipcp_o-lru-1core.txt
CPU 0 cumulative IPC: 0.29533 instructions: 30000001 cycles: 101581145
L1D PREFETCH  ACCESS:    4373817  HIT:    1216392  MISS:    3157425
L1D PREFETCH  REQUESTED:    7902163  ISSUED:    5188891  USEFUL:     293525  USELESS:    2863895
L2C PREFETCH  ACCESS:    7490328  HIT:    1521541  MISS:    5968787
L2C PREFETCH  REQUESTED:   12026615  ISSUED:   11830413  USEFUL:      53152  USELESS:    5915567
LLC PREFETCH  ACCESS:    6030430  HIT:    1917897  MISS:    4112533
LLC PREFETCH  REQUESTED:          0  ISSUED:          0  USEFUL:     169219  USELESS:    3943954
File name is: bfs-10.trace.gz-bimodal-no-ipcp_bis-ipcp_bis-ipcp_o-lru-1core.txt
CPU 0 cumulative IPC: 0.537196 instructions: 30000000 cycles: 55845567
L1D PREFETCH  ACCESS:    8255032  HIT:    4489792  MISS:    3765240
L1D PREFETCH  REQUESTED:   13039820  ISSUED:    8438640  USEFUL:     747511  USELESS:    3017590
L2C PREFETCH  ACCESS:   10087939  HIT:    9497608  MISS:     590331
L2C PREFETCH  REQUESTED:   17370466  ISSUED:   16591384  USEFUL:      61588  USELESS:     528879
LLC PREFETCH  ACCESS:     596428  HIT:        195  MISS:     596233
LLC PREFETCH  REQUESTED:          0  ISSUED:          0  USEFUL:          2  USELESS:     596052
File name is: bc-5.trace.gz-bimodal-no-ipcp_bis-ipcp_bis-ipcp_o-lru-1core.txt
CPU 0 cumulative IPC: 0.184319 instructions: 30000001 cycles: 162761298
L1D PREFETCH  ACCESS:    1930041  HIT:     395609  MISS:    1534432
L1D PREFETCH  REQUESTED:    2334133  ISSUED:    2193598  USEFUL:     144622  USELESS:    1389623
L2C PREFETCH  ACCESS:    3094851  HIT:     630150  MISS:    2464701
L2C PREFETCH  REQUESTED:    2751016  ISSUED:    2717500  USEFUL:      47805  USELESS:    2414443
LLC PREFETCH  ACCESS:    2511876  HIT:     552545  MISS:    1959331
LLC PREFETCH  REQUESTED:          0  ISSUED:          0  USEFUL:     126722  USELESS:    1824010
File name is: pr-14.trace.gz-bimodal-no-ipcp_bis-ipcp_bis-ipcp_o-lru-1core.txt
CPU 0 cumulative IPC: 0.0451792 instructions: 30000003 cycles: 664022846
L1D PREFETCH  ACCESS:   29242794  HIT:    1006305  MISS:   28236489
L1D PREFETCH  REQUESTED:   30638678  ISSUED:   30376129  USEFUL:     497727  USELESS:   27738685
L2C PREFETCH  ACCESS:   47971817  HIT:    7413642  MISS:   40558175
L2C PREFETCH  REQUESTED:  106088930  ISSUED:  106087303  USEFUL:     360133  USELESS:   40197855
LLC PREFETCH  ACCESS:   40657371  HIT:   16084245  MISS:   24573126
LLC PREFETCH  REQUESTED:          0  ISSUED:          0  USEFUL:     844642  USELESS:   23727329
File name is: sssp-5.trace.gz-bimodal-no-ipcp_bis-ipcp_bis-ipcp_o-lru-1core.txt
CPU 0 cumulative IPC: 0.289845 instructions: 30000003 cycles: 103503501
L1D PREFETCH  ACCESS:    4307089  HIT:    1115852  MISS:    3191237
L1D PREFETCH  REQUESTED:    7839333  ISSUED:    5042882  USEFUL:     268670  USELESS:    2922280
L2C PREFETCH  ACCESS:    7591102  HIT:    1559053  MISS:    6032049
L2C PREFETCH  REQUESTED:   12094906  ISSUED:   11891367  USEFUL:      55465  USELESS:    5972829
LLC PREFETCH  ACCESS:    6096514  HIT:    1922101  MISS:    4174413
LLC PREFETCH  REQUESTED:          0  ISSUED:          0  USEFUL:     172383  USELESS:    3982455
File name is: pr-10.trace.gz-bimodal-no-ipcp_bis-ipcp_bis-ipcp_o-lru-1core.txt
CPU 0 cumulative IPC: 0.0476394 instructions: 30000002 cycles: 629730590
L1D PREFETCH  ACCESS:   28886967  HIT:    1068911  MISS:   27818056
L1D PREFETCH  REQUESTED:   30624597  ISSUED:   30327917  USEFUL:     543365  USELESS:   27274617
L2C PREFETCH  ACCESS:   47527772  HIT:    7582649  MISS:   39945123
L2C PREFETCH  REQUESTED:  104425392  ISSUED:  104423757  USEFUL:     358739  USELESS:   39585932
LLC PREFETCH  ACCESS:   40044807  HIT:   17438634  MISS:   22606173
LLC PREFETCH  REQUESTED:          0  ISSUED:          0  USEFUL:    1015868  USELESS:   21587916
File name is: bfs-14.trace.gz-bimodal-no-ipcp_bis-ipcp_bis-ipcp_o-lru-1core.txt
CPU 0 cumulative IPC: 0.350722 instructions: 30000002 cycles: 85537919
L1D PREFETCH  ACCESS:    2848290  HIT:    1713651  MISS:    1134639
L1D PREFETCH  REQUESTED:    2942083  ISSUED:    2915403  USEFUL:     539103  USELESS:     595618
L2C PREFETCH  ACCESS:    3206441  HIT:    2316020  MISS:     890421
L2C PREFETCH  REQUESTED:    3007709  ISSUED:    2990352  USEFUL:      39285  USELESS:     850135
LLC PREFETCH  ACCESS:     895887  HIT:      18950  MISS:     876937
LLC PREFETCH  REQUESTED:          0  ISSUED:          0  USEFUL:       3342  USELESS:     873360
